<?xml version="1.0" encoding="UTF-8"?>
<testng-results skipped="0" failed="0" ignored="0" total="1" passed="1">
  <reporter-output>
  </reporter-output>
  <suite name="Command line suite" duration-ms="2848" started-at="2020-04-16T02:48:40Z" finished-at="2020-04-16T02:48:43Z">
    <groups>
    </groups>
    <test name="Command line test" duration-ms="2848" started-at="2020-04-16T02:48:40Z" finished-at="2020-04-16T02:48:43Z">
      <class name="selenium.test">
        <test-method status="PASS" signature="hello()[pri:0, instance:selenium.test@548e7350]" name="hello" duration-ms="20" started-at="2020-04-16T02:48:40Z" finished-at="2020-04-16T02:48:40Z">
          <reporter-output>
          </reporter-output>
        </test-method> <!-- hello -->
        <test-method status="PASS" signature="Aftertest()[pri:0, instance:selenium.test@548e7350]" name="Aftertest" is-config="true" duration-ms="2765" started-at="2020-04-16T02:48:40Z" finished-at="2020-04-16T02:48:43Z">
          <reporter-output>
          </reporter-output>
        </test-method> <!-- Aftertest -->
      </class> <!-- selenium.test -->
    </test> <!-- Command line test -->
  </suite> <!-- Command line suite -->
</testng-results>
